[*] 18/08/2025 10:21:14 - Starting HardeningKitty
[*] 18/08/2025 10:21:14 - Getting machine information
[*] Hostname: TFM-VM-C2
[*] Domain: WORKGROUP
[*] Domain role: StandaloneWorkstation
[*] Install date: 07/08/2025 11:11:21
[*] Last Boot Time: 08/13/2025 03:32:35
[*] Uptime: 5.06:48:39.4554932
[*] Windows: Microsoft Windows 11 Pro
[*] Windows edition: Professional
[*] Windows version: 2009
[*] Windows build: 26100.1.amd64fre.ge_release.240331-1435
[*] System-locale: es-ES
[*] Powershell Version: 5.1
[*] 18/08/2025 10:21:18 - Language warning
[?] 18/08/2025 10:21:18 - HardeningKitty was developed for the system language 'en-US'. This system uses 'es-ES' Language-dependent analyses can sometimes produce false results. Please create an issue if this occurs.
[*] 18/08/2025 10:21:18 - Getting user information
[*] Username: TFM-VM-C2\ivanh
[*] Is Admin: True
[*] 18/08/2025 10:21:19 - Starting Category Features
ID 1000, SMBv1 Support, Result=Disabled, Recommended=Disabled, Severity=Passed
[*] 18/08/2025 10:21:19 - Starting Category Account Policies
ID 1103, Store passwords using reversible encryption, Result=0, Recommended=0, Severity=Passed
[*] 18/08/2025 10:21:19 - Starting Category Security Options
ID 1326, Network security: Do not store LAN Manager hash value on next password change, Result=1, Recommended=1, Severity=Passed
[*] 18/08/2025 10:21:19 - Starting Category Administrative Templates: Printers
ID 1764, Point and Print Restrictions: When installing drivers for a new connection (CVE-2021-34527), Result=0, Recommended=0, Severity=Passed
ID 1765, Point and Print Restrictions: When updating drivers for an existing connection (CVE-2021-34527), Result=0, Recommended=0, Severity=Passed
[*] 18/08/2025 10:21:19 - Starting Category Administrative Templates: Windows Components
ID 1708, BitLocker Drive Encryption: Volume status, Result=FullyEncrypted, Recommended=FullyEncrypted, Severity=Passed
[*] 18/08/2025 10:21:19 - Starting Category MS Security Guide
ID 2203, WDigest Authentication, Result=0, Recommended=0, Severity=Passed
[*] 18/08/2025 10:21:19 - HardeningKitty is done
[*] 18/08/2025 10:21:19 - Your HardeningKitty score is: 6. HardeningKitty Statistics: Total checks: 7 - Passed: 7, Low: 0, Medium: 0, High: 0.
